<?xml version="1.0" encoding="UTF-8"?>
<!-- Generated by org.testng.reporters.JUnitXMLReporter -->
<testsuite ignored="0" hostname="DESKTOP-LTTFHLS" failures="1" tests="3" name="Test" time="131.358" errors="0" timestamp="2025-09-30T17:51:40 IST">
  <testcase classname="IGP.Sanity.AllDeliveryTypesAndSearchWithCheckoutLogin" name="allDeliveryTypesSearchAndCheckoutLogin" time="16.223">
    <failure type="org.openqa.selenium.ElementClickInterceptedException" message="element click intercepted: Element is not clickable at point (882, -228)
  (Session info: chrome=140.0.7339.208)
Build info: version: &amp;apos;4.26.0&amp;apos;, revision: &amp;apos;8ccf0219d7&amp;apos;
System info: os.name: &amp;apos;Windows 11&amp;apos;, os.arch: &amp;apos;amd64&amp;apos;, os.version: &amp;apos;10.0&amp;apos;, java.version: &amp;apos;21.0.3&amp;apos;
Driver info: org.openqa.selenium.chrome.ChromeDriver
Command: [6c9819d5b78aa492b74b6c02c57af3c7, clickElement {id=f.6688C3C16A11C4D953301DE6B86182D8.d.FE1E053AC0C88C73A72E6614CD068099.e.29295}]
Capabilities {acceptInsecureCerts: false, browserName: chrome, browserVersion: 140.0.7339.208, chrome: {chromedriverVersion: 140.0.7339.207 (17230b545fd..., userDataDir: /tmp/chrome_1759234768800_c...}, fedcm:accounts: true, goog:chromeOptions: {debuggerAddress: localhost:51525}, networkConnectionEnabled: false, pageLoadStrategy: normal, platformName: windows, proxy: Proxy(), se:cdp: ws://localhost:51525/devtoo..., se:cdpVersion: 140.0.7339.208, setWindowRect: true, strictFileInteractability: false, timeouts: {implicit: 0, pageLoad: 300000, script: 30000}, unhandledPromptBehavior: dismiss and notify, webauthn:extension:credBlob: true, webauthn:extension:largeBlob: true, webauthn:extension:minPinLength: true, webauthn:extension:prf: true, webauthn:virtualAuthenticators: true}
Element: [[ChromeDriver: chrome on windows (6c9819d5b78aa492b74b6c02c57af3c7)] -&amp;gt; xpath: //div[@class=&amp;apos;timeslotOptions&amp;apos;]]
Session ID: 6c9819d5b78aa492b74b6c02c57af3c7">
      <![CDATA[org.openqa.selenium.ElementClickInterceptedException: element click intercepted: Element is not clickable at point (882, -228)
  (Session info: chrome=140.0.7339.208)
Build info: version: '4.26.0', revision: '8ccf0219d7'
System info: os.name: 'Windows 11', os.arch: 'amd64', os.version: '10.0', java.version: '21.0.3'
Driver info: org.openqa.selenium.chrome.ChromeDriver
Command: [6c9819d5b78aa492b74b6c02c57af3c7, clickElement {id=f.6688C3C16A11C4D953301DE6B86182D8.d.FE1E053AC0C88C73A72E6614CD068099.e.29295}]
Capabilities {acceptInsecureCerts: false, browserName: chrome, browserVersion: 140.0.7339.208, chrome: {chromedriverVersion: 140.0.7339.207 (17230b545fd..., userDataDir: /tmp/chrome_1759234768800_c...}, fedcm:accounts: true, goog:chromeOptions: {debuggerAddress: localhost:51525}, networkConnectionEnabled: false, pageLoadStrategy: normal, platformName: windows, proxy: Proxy(), se:cdp: ws://localhost:51525/devtoo..., se:cdpVersion: 140.0.7339.208, setWindowRect: true, strictFileInteractability: false, timeouts: {implicit: 0, pageLoad: 300000, script: 30000}, unhandledPromptBehavior: dismiss and notify, webauthn:extension:credBlob: true, webauthn:extension:largeBlob: true, webauthn:extension:minPinLength: true, webauthn:extension:prf: true, webauthn:virtualAuthenticators: true}
Element: [[ChromeDriver: chrome on windows (6c9819d5b78aa492b74b6c02c57af3c7)] -> xpath: //div[@class='timeslotOptions']]
Session ID: 6c9819d5b78aa492b74b6c02c57af3c7
at org.openqa.selenium.remote.ErrorCodec.decode(ErrorCodec.java:167)
at org.openqa.selenium.remote.codec.w3c.W3CHttpResponseCodec.decode(W3CHttpResponseCodec.java:138)
at org.openqa.selenium.remote.codec.w3c.W3CHttpResponseCodec.decode(W3CHttpResponseCodec.java:50)
at org.openqa.selenium.remote.HttpCommandExecutor.execute(HttpCommandExecutor.java:190)
at org.openqa.selenium.remote.service.DriverCommandExecutor.invokeExecute(DriverCommandExecutor.java:216)
at org.openqa.selenium.remote.service.DriverCommandExecutor.execute(DriverCommandExecutor.java:174)
at org.openqa.selenium.remote.RemoteWebDriver.execute(RemoteWebDriver.java:545)
at org.openqa.selenium.remote.RemoteWebElement.execute(RemoteWebElement.java:223)
at org.openqa.selenium.remote.RemoteWebElement.click(RemoteWebElement.java:76)
at org.openqa.selenium.support.pagefactory.internal.LocatingElementHandler.invoke(LocatingElementHandler.java:51)
at jdk.proxy2/jdk.proxy2.$Proxy14.click(Unknown Source)
at pageObject.PDPPage.selectTimeSlot(PDPPage.java:140)
at IGP.Sanity.AllDeliveryTypesAndSearchWithCheckoutLogin.allDeliveryTypesSearchAndCheckoutLogin(AllDeliveryTypesAndSearchWithCheckoutLogin.java:77)
at java.base/java.util.concurrent.ThreadPoolExecutor.runWorker(ThreadPoolExecutor.java:1144)
at java.base/java.util.concurrent.ThreadPoolExecutor$Worker.run(ThreadPoolExecutor.java:642)
at java.base/java.lang.Thread.run(Thread.java:1583)
... Removed 15 stack frames]]>
    </failure>
  </testcase> <!-- allDeliveryTypesSearchAndCheckoutLogin -->
  <testcase classname="IGP.Sanity.UserJourneyWithExpressDelivery" name="userJourneyAndExpressDelivery" time="52.922"/>
  <testcase classname="IGP.Sanity.SortAndQuickFilters" name="sortFilterLowToHigh" time="26.727"/>
</testsuite> <!-- Test -->
