# JRE version: OpenJDK Runtime Environment Temurin-21.0.3+9 (21.0.3+9) (build 21.0.3+9-LTS)
# Java VM: OpenJDK 64-Bit Server VM Temurin-21.0.3+9 (21.0.3+9-LTS, mixed mode, tiered, compressed oops, compressed class ptrs, g1 gc, windows-amd64)
GC Precious Log:
 CardTable entry size: 512
 Card Set container configuration: InlinePtr #cards 4 size 8 Array Of Cards #cards 16 size 48 Howl #buckets 8 coarsen threshold 3686 Howl Bitmap #cards 512 size 80 coarsen threshold 460 Card regions per heap region 1 cards per card region 4096
 CPUs: 8 total, 8 available
 Memory: 16118M
 Large Page Support: Disabled
 NUMA Support: Disabled
 Compressed Oops: Enabled (Zero based)
 Heap Region Size: 2M
 Heap Min Capacity: 8M
 Heap Initial Capacity: 252M
 Heap Max Capacity: 4030M
 Pre-touch: Disabled
 Parallel Workers: 8
 Concurrent Workers: 2
 Concurrent Refinement Workers: 8
 Periodic GC: Disabled
Heap:
 garbage-first heap   total 61440K, used 19065K [0x0000000704200000, 0x0000000800000000)
  region size 2048K, 2 young (4096K), 2 survivors (4096K)
 Metaspace       used 35336K, committed 35712K, reserved 1114112K
  class space    used 3840K, committed 4032K, reserved 1048576K
GC Heap History (15 events):
Event: 0.682 GC heap before
{Heap before GC invocations=0 (full 0):
 garbage-first heap   total 258048K, used 20480K [0x0000000704200000, 0x0000000800000000)
  region size 2048K, 11 young (22528K), 0 survivors (0K)
 Metaspace       used 15742K, committed 15936K, reserved 1114112K
  class space    used 1458K, committed 1536K, reserved 1048576K
}
Event: 0.686 GC heap after
{Heap after GC invocations=1 (full 0):
 garbage-first heap   total 258048K, used 6463K [0x0000000704200000, 0x0000000800000000)
  region size 2048K, 2 young (4096K), 2 survivors (4096K)
 Metaspace       used 15742K, committed 15936K, reserved 1114112K
  class space    used 1458K, committed 1536K, reserved 1048576K
}
Event: 0.952 GC heap before
{Heap before GC invocations=1 (full 0):
 garbage-first heap   total 258048K, used 20799K [0x0000000704200000, 0x0000000800000000)
  region size 2048K, 11 young (22528K), 2 survivors (4096K)
 Metaspace       used 21272K, committed 21504K, reserved 1114112K
  class space    used 2083K, committed 2240K, reserved 1048576K
}
Event: 0.955 GC heap after
{Heap after GC invocations=2 (full 0):
 garbage-first heap   total 258048K, used 9627K [0x0000000704200000, 0x0000000800000000)
  region size 2048K, 2 young (4096K), 2 survivors (4096K)
 Metaspace       used 21272K, committed 21504K, reserved 1114112K
  class space    used 2083K, committed 2240K, reserved 1048576K
}
Event: 1.216 GC heap before
{Heap before GC invocations=3 (full 0):
 garbage-first heap   total 49152K, used 34203K [0x0000000704200000, 0x0000000800000000)
  region size 2048K, 14 young (28672K), 2 survivors (4096K)
 Metaspace       used 24580K, committed 24832K, reserved 1114112K
  class space    used 2411K, committed 2560K, reserved 1048576K
}
Event: 1.221 GC heap after
{Heap after GC invocations=4 (full 0):
 garbage-first heap   total 49152K, used 13807K [0x0000000704200000, 0x0000000800000000)
  region size 2048K, 2 young (4096K), 2 survivors (4096K)
 Metaspace       used 24580K, committed 24832K, reserved 1114112K
  class space    used 2411K, committed 2560K, reserved 1048576K
}
Event: 1.598 GC heap before
{Heap before GC invocations=4 (full 0):
 garbage-first heap   total 49152K, used 30191K [0x0000000704200000, 0x0000000800000000)
  region size 2048K, 10 young (20480K), 2 survivors (4096K)
 Metaspace       used 29150K, committed 29504K, reserved 1114112K
  class space    used 3031K, committed 3200K, reserved 1048576K
}
Event: 1.603 GC heap after
{Heap after GC invocations=5 (full 0):
 garbage-first heap   total 49152K, used 16535K [0x0000000704200000, 0x0000000800000000)
  region size 2048K, 2 young (4096K), 2 survivors (4096K)
 Metaspace       used 29150K, committed 29504K, reserved 1114112K
  class space    used 3031K, committed 3200K, reserved 1048576K
}
Event: 41.328 GC heap before
{Heap before GC invocations=5 (full 0):
 garbage-first heap   total 49152K, used 30871K [0x0000000704200000, 0x0000000800000000)
  region size 2048K, 10 young (20480K), 2 survivors (4096K)
 Metaspace       used 32113K, committed 32512K, reserved 1114112K
  class space    used 3426K, committed 3584K, reserved 1048576K
}
Event: 41.332 GC heap after
{Heap after GC invocations=6 (full 0):
 garbage-first heap   total 49152K, used 17595K [0x0000000704200000, 0x0000000800000000)
  region size 2048K, 1 young (2048K), 1 survivors (2048K)
 Metaspace       used 32113K, committed 32512K, reserved 1114112K
  class space    used 3426K, committed 3584K, reserved 1048576K
}
Event: 75.196 GC heap before
{Heap before GC invocations=6 (full 0):
 garbage-first heap   total 49152K, used 33979K [0x0000000704200000, 0x0000000800000000)
  region size 2048K, 9 young (18432K), 1 survivors (2048K)
 Metaspace       used 32696K, committed 33088K, reserved 1114112K
  class space    used 3472K, committed 3648K, reserved 1048576K
}
Event: 75.198 GC heap after
{Heap after GC invocations=7 (full 0):
 garbage-first heap   total 49152K, used 21845K [0x0000000704200000, 0x0000000800000000)
  region size 2048K, 1 young (2048K), 1 survivors (2048K)
 Metaspace       used 32696K, committed 33088K, reserved 1114112K
  class space    used 3472K, committed 3648K, reserved 1048576K
}
Event: 75.199 GC heap before
{Heap before GC invocations=7 (full 0):
 garbage-first heap   total 49152K, used 25941K [0x0000000704200000, 0x0000000800000000)
  region size 2048K, 2 young (4096K), 1 survivors (2048K)
 Metaspace       used 32696K, committed 33088K, reserved 1114112K
  class space    used 3472K, committed 3648K, reserved 1048576K
}
Event: 75.201 GC heap after
{Heap after GC invocations=8 (full 0):
 garbage-first heap   total 49152K, used 23874K [0x0000000704200000, 0x0000000800000000)
  region size 2048K, 1 young (2048K), 1 survivors (2048K)
 Metaspace       used 32696K, committed 33088K, reserved 1114112K
  class space    used 3472K, committed 3648K, reserved 1048576K
}
Event: 92.365 GC heap before
{Heap before GC invocations=9 (full 0):
 garbage-first heap   total 61440K, used 56642K [0x0000000704200000, 0x0000000800000000)
  region size 2048K, 9 young (18432K), 1 survivors (2048K)
 Metaspace       used 35336K, committed 35712K, reserved 1114112K
  class space    used 3840K, committed 4032K, reserved 1048576K
}

