<?xml version="1.0" encoding="UTF-8"?>
<!-- Generated by org.testng.reporters.JUnitXMLReporter -->
<testsuite ignored="4" hostname="DESKTOP-LTTFHLS" failures="0" tests="1" name="Test" time="45.452" errors="0" timestamp="2025-06-03T18:20:17 IST">
  <testcase classname="IGP.Sanity.igpQuickSanity" name="userJourney" time="39.111"/>
  <testcase classname="IGP.Sanity.igpQuickSanity" name="searchTest" time="0.0">
    <ignored/>
  </testcase> <!-- searchTest -->
  <testcase classname="IGP.Sanity.igpQuickSanity" name="signUp" time="0.0">
    <ignored/>
  </testcase> <!-- signUp -->
  <testcase classname="IGP.Sanity.igpQuickSanity" name="googleSignIn" time="0.0">
    <ignored/>
  </testcase> <!-- googleSignIn -->
  <testcase classname="IGP.Sanity.igpQuickSanity" name="loginViaEmailPassword" time="0.0">
    <ignored/>
  </testcase> <!-- loginViaEmailPassword -->
</testsuite> <!-- Test -->
