<?xml version="1.0" encoding="UTF-8"?>
<testng-results ignored="0" total="3" passed="2" failed="1" skipped="0">
  <reporter-output>
  </reporter-output>
  <suite started-at="2025-09-14T13:39:45 IST" name="IgpQuickSanity" finished-at="2025-09-14T13:42:30 IST" duration-ms="164689">
    <groups>
    </groups>
    <test started-at="2025-09-14T13:39:45 IST" name="Test" finished-at="2025-09-14T13:42:30 IST" duration-ms="164689">
      <class name="IGP.Sanity.AllDeliveryTypesAndSearchWithCheckoutLogin">
        <test-method is-config="true" signature="launchApplication()[pri:0, instance:IGP.Sanity.AllDeliveryTypesAndSearchWithCheckoutLogin@740fb309]" started-at="2025-09-14T13:40:41 IST" name="launchApplication" finished-at="2025-09-14T13:40:46 IST" duration-ms="5244" status="PASS">
          <reporter-output>
          </reporter-output>
        </test-method> <!-- launchApplication -->
        <test-method signature="allDeliveryTypesSearchAndCheckoutLogin()[pri:0, instance:IGP.Sanity.AllDeliveryTypesAndSearchWithCheckoutLogin@740fb309]" started-at="2025-09-14T13:40:46 IST" name="allDeliveryTypesSearchAndCheckoutLogin" finished-at="2025-09-14T13:41:58 IST" duration-ms="71534" status="PASS">
          <reporter-output>
          </reporter-output>
        </test-method> <!-- allDeliveryTypesSearchAndCheckoutLogin -->
        <test-method is-config="true" signature="closeBrowser()[pri:0, instance:IGP.Sanity.AllDeliveryTypesAndSearchWithCheckoutLogin@740fb309]" started-at="2025-09-14T13:41:58 IST" name="closeBrowser" finished-at="2025-09-14T13:42:00 IST" duration-ms="2752" status="PASS">
          <reporter-output>
          </reporter-output>
        </test-method> <!-- closeBrowser -->
      </class> <!-- IGP.Sanity.AllDeliveryTypesAndSearchWithCheckoutLogin -->
      <class name="IGP.Sanity.UserJourneyWithExpressDelivery">
        <test-method is-config="true" signature="launchApplication()[pri:0, instance:IGP.Sanity.UserJourneyWithExpressDelivery@305ffe9e]" started-at="2025-09-14T13:39:45 IST" name="launchApplication" finished-at="2025-09-14T13:40:00 IST" duration-ms="14481" status="PASS">
          <reporter-output>
          </reporter-output>
        </test-method> <!-- launchApplication -->
        <test-method signature="userJourneyAndExpressDelivery()[pri:0, instance:IGP.Sanity.UserJourneyWithExpressDelivery@305ffe9e]" started-at="2025-09-14T13:40:00 IST" name="userJourneyAndExpressDelivery" finished-at="2025-09-14T13:40:38 IST" duration-ms="38182" status="FAIL">
          <exception class="org.openqa.selenium.TimeoutException">
            <message>
              <![CDATA[Expected condition failed: waiting for visibility of element located by By.cssSelector: div[class='coupon-band success revamp-coupon-success'] (tried for 10 second(s) with 500 milliseconds interval)
Build info: version: '4.26.0', revision: '8ccf0219d7'
System info: os.name: 'Windows 11', os.arch: 'amd64', os.version: '10.0', java.version: '21.0.4'
Driver info: org.openqa.selenium.chrome.ChromeDriver
Capabilities {acceptInsecureCerts: false, browserName: chrome, browserVersion: 140.0.7339.128, chrome: {chromedriverVersion: 140.0.7339.82 (bc93617e21c3..., userDataDir: C:\Users\Omkar\AppData\Loca...}, fedcm:accounts: true, goog:chromeOptions: {debuggerAddress: localhost:55426}, networkConnectionEnabled: false, pageLoadStrategy: normal, platformName: windows, proxy: Proxy(), se:cdp: ws://localhost:55426/devtoo..., se:cdpVersion: 140.0.7339.128, setWindowRect: true, strictFileInteractability: false, timeouts: {implicit: 0, pageLoad: 300000, script: 30000}, unhandledPromptBehavior: dismiss and notify, webauthn:extension:credBlob: true, webauthn:extension:largeBlob: true, webauthn:extension:minPinLength: true, webauthn:extension:prf: true, webauthn:virtualAuthenticators: true}
Session ID: 2e1a6d8b0fe71c50f4e139bed8aed6fc]]>
            </message>
            <full-stacktrace>
              <![CDATA[org.openqa.selenium.TimeoutException: Expected condition failed: waiting for visibility of element located by By.cssSelector: div[class='coupon-band success revamp-coupon-success'] (tried for 10 second(s) with 500 milliseconds interval)
Build info: version: '4.26.0', revision: '8ccf0219d7'
System info: os.name: 'Windows 11', os.arch: 'amd64', os.version: '10.0', java.version: '21.0.4'
Driver info: org.openqa.selenium.chrome.ChromeDriver
Capabilities {acceptInsecureCerts: false, browserName: chrome, browserVersion: 140.0.7339.128, chrome: {chromedriverVersion: 140.0.7339.82 (bc93617e21c3..., userDataDir: C:\Users\Omkar\AppData\Loca...}, fedcm:accounts: true, goog:chromeOptions: {debuggerAddress: localhost:55426}, networkConnectionEnabled: false, pageLoadStrategy: normal, platformName: windows, proxy: Proxy(), se:cdp: ws://localhost:55426/devtoo..., se:cdpVersion: 140.0.7339.128, setWindowRect: true, strictFileInteractability: false, timeouts: {implicit: 0, pageLoad: 300000, script: 30000}, unhandledPromptBehavior: dismiss and notify, webauthn:extension:credBlob: true, webauthn:extension:largeBlob: true, webauthn:extension:minPinLength: true, webauthn:extension:prf: true, webauthn:virtualAuthenticators: true}
Session ID: 2e1a6d8b0fe71c50f4e139bed8aed6fc
at org.openqa.selenium.support.ui.WebDriverWait.timeoutException(WebDriverWait.java:84)
at org.openqa.selenium.support.ui.FluentWait.until(FluentWait.java:228)
at igpAbstractComponent.IgpAbstractComponent.waitElementForAppear(IgpAbstractComponent.java:65)
at IGP.Sanity.UserJourneyWithExpressDelivery.userJourneyAndExpressDelivery(UserJourneyWithExpressDelivery.java:140)
at java.base/jdk.internal.reflect.DirectMethodHandleAccessor.invoke(DirectMethodHandleAccessor.java:103)
at java.base/java.lang.reflect.Method.invoke(Method.java:580)
at org.testng.internal.invokers.MethodInvocationHelper.invokeMethod(MethodInvocationHelper.java:141)
at org.testng.internal.invokers.TestInvoker.invokeMethod(TestInvoker.java:686)
at org.testng.internal.invokers.TestInvoker.invokeTestMethod(TestInvoker.java:230)
at org.testng.internal.invokers.MethodRunner.runInSequence(MethodRunner.java:63)
at org.testng.internal.invokers.TestInvoker$MethodInvocationAgent.invoke(TestInvoker.java:992)
at org.testng.internal.invokers.TestInvoker.invokeTestMethods(TestInvoker.java:203)
at org.testng.internal.invokers.TestMethodWorker.invokeTestMethods(TestMethodWorker.java:154)
at org.testng.internal.invokers.TestMethodWorker.run(TestMethodWorker.java:134)
at java.base/java.util.concurrent.Executors$RunnableAdapter.call(Executors.java:572)
at java.base/java.util.concurrent.FutureTask.run(FutureTask.java:317)
at org.testng.internal.thread.graph.TestNGFutureTask.run(TestNGFutureTask.java:22)
at java.base/java.util.concurrent.ThreadPoolExecutor.runWorker(ThreadPoolExecutor.java:1144)
at java.base/java.util.concurrent.ThreadPoolExecutor$Worker.run(ThreadPoolExecutor.java:642)
at java.base/java.lang.Thread.run(Thread.java:1583)
]]>
            </full-stacktrace>
          </exception> <!-- org.openqa.selenium.TimeoutException -->
          <reporter-output>
          </reporter-output>
        </test-method> <!-- userJourneyAndExpressDelivery -->
        <test-method is-config="true" signature="closeBrowser()[pri:0, instance:IGP.Sanity.UserJourneyWithExpressDelivery@305ffe9e]" started-at="2025-09-14T13:40:38 IST" name="closeBrowser" finished-at="2025-09-14T13:40:41 IST" duration-ms="2610" status="PASS">
          <reporter-output>
          </reporter-output>
        </test-method> <!-- closeBrowser -->
      </class> <!-- IGP.Sanity.UserJourneyWithExpressDelivery -->
      <class name="IGP.Sanity.SortAndQuickFilters">
        <test-method is-config="true" signature="launchApplication()[pri:0, instance:IGP.Sanity.SortAndQuickFilters@7bd7d6d6]" started-at="2025-09-14T13:42:00 IST" name="launchApplication" finished-at="2025-09-14T13:42:06 IST" duration-ms="5322" status="PASS">
          <reporter-output>
          </reporter-output>
        </test-method> <!-- launchApplication -->
        <test-method signature="sortFilterLowToHigh()[pri:0, instance:IGP.Sanity.SortAndQuickFilters@7bd7d6d6]" started-at="2025-09-14T13:42:06 IST" name="sortFilterLowToHigh" finished-at="2025-09-14T13:42:27 IST" duration-ms="21497" status="PASS">
          <reporter-output>
          </reporter-output>
        </test-method> <!-- sortFilterLowToHigh -->
        <test-method is-config="true" signature="closeBrowser()[pri:0, instance:IGP.Sanity.SortAndQuickFilters@7bd7d6d6]" started-at="2025-09-14T13:42:28 IST" name="closeBrowser" finished-at="2025-09-14T13:42:30 IST" duration-ms="2338" status="PASS">
          <reporter-output>
          </reporter-output>
        </test-method> <!-- closeBrowser -->
      </class> <!-- IGP.Sanity.SortAndQuickFilters -->
    </test> <!-- Test -->
  </suite> <!-- IgpQuickSanity -->
</testng-results>
