<?xml version="1.0" encoding="UTF-8"?>
<!-- Generated by org.testng.reporters.JUnitXMLReporter -->
<testsuite ignored="0" hostname="DESKTOP-LTTFHLS" failures="0" tests="3" name="Test" time="4.62" errors="0" timestamp="2025-09-27T13:01:41 IST">
  <testcase classname="testComponent.baseTest" name="@BeforeMethod launchApplication" time="0.051">
    <failure type="org.openqa.selenium.remote.NoSuchDriverException" message="Unable to obtain: chromedriver, error chromedriver must exist: \usr\bin\chromedriver
For documentation on this error, please visit: https://www.selenium.dev/documentation/webdriver/troubleshooting/errors/driver_location/
Build info: version: &amp;apos;4.26.0&amp;apos;, revision: &amp;apos;8ccf0219d7&amp;apos;
System info: os.name: &amp;apos;Windows 11&amp;apos;, os.arch: &amp;apos;amd64&amp;apos;, os.version: &amp;apos;10.0&amp;apos;, java.version: &amp;apos;21.0.4&amp;apos;
Driver info: driver.version: ChromeDriver">
      <![CDATA[org.openqa.selenium.remote.NoSuchDriverException: Unable to obtain: chromedriver, error chromedriver must exist: \usr\bin\chromedriver
For documentation on this error, please visit: https://www.selenium.dev/documentation/webdriver/troubleshooting/errors/driver_location/
Build info: version: '4.26.0', revision: '8ccf0219d7'
System info: os.name: 'Windows 11', os.arch: 'amd64', os.version: '10.0', java.version: '21.0.4'
Driver info: driver.version: ChromeDriver
at org.openqa.selenium.remote.service.DriverFinder.getBinaryPaths(DriverFinder.java:121)
at org.openqa.selenium.remote.service.DriverFinder.getDriverPath(DriverFinder.java:55)
at org.openqa.selenium.chrome.ChromeDriver.generateExecutor(ChromeDriver.java:99)
at org.openqa.selenium.chrome.ChromeDriver.<init>(ChromeDriver.java:88)
at org.openqa.selenium.chrome.ChromeDriver.<init>(ChromeDriver.java:83)
at org.openqa.selenium.chrome.ChromeDriver.<init>(ChromeDriver.java:72)
at testComponent.baseTest.initializeDriver(baseTest.java:41)
at testComponent.baseTest.launchApplication(baseTest.java:63)
at java.base/java.util.concurrent.Executors$RunnableAdapter.call(Executors.java:572)
at java.base/java.util.concurrent.FutureTask.run(FutureTask.java:317)
at java.base/java.util.concurrent.ThreadPoolExecutor.runWorker(ThreadPoolExecutor.java:1144)
at java.base/java.util.concurrent.ThreadPoolExecutor$Worker.run(ThreadPoolExecutor.java:642)
at java.base/java.lang.Thread.run(Thread.java:1583)
Caused by: java.lang.IllegalStateException: chromedriver must exist: \usr\bin\chromedriver
at org.openqa.selenium.internal.Require$PathStateChecker.isExecutable(Require.java:478)
at org.openqa.selenium.remote.service.DriverFinder.getBinaryPaths(DriverFinder.java:118)
... 27 more
... Removed 15 stack frames]]>
    </failure>
  </testcase> <!-- @BeforeMethod launchApplication -->
  <testcase classname="testComponent.baseTest" name="@AfterMethod closeBrowser" time="1.503">
    <failure type="java.lang.NullPointerException" message="Cannot invoke &amp;quot;org.openqa.selenium.WebDriver.quit()&amp;quot; because &amp;quot;this.driver&amp;quot; is null">
      <![CDATA[java.lang.NullPointerException: Cannot invoke "org.openqa.selenium.WebDriver.quit()" because "this.driver" is null
at testComponent.baseTest.closeBrowser(baseTest.java:75)
at java.base/java.util.concurrent.Executors$RunnableAdapter.call(Executors.java:572)
at java.base/java.util.concurrent.FutureTask.run(FutureTask.java:317)
at java.base/java.util.concurrent.ThreadPoolExecutor.runWorker(ThreadPoolExecutor.java:1144)
at java.base/java.util.concurrent.ThreadPoolExecutor$Worker.run(ThreadPoolExecutor.java:642)
at java.base/java.lang.Thread.run(Thread.java:1583)
... Removed 16 stack frames]]>
    </failure>
  </testcase> <!-- @AfterMethod closeBrowser -->
  <testcase classname="testComponent.baseTest" name="@BeforeMethod launchApplication" time="0.002">
    <failure type="org.openqa.selenium.remote.NoSuchDriverException" message="Unable to obtain: chromedriver, error chromedriver must exist: \usr\bin\chromedriver
For documentation on this error, please visit: https://www.selenium.dev/documentation/webdriver/troubleshooting/errors/driver_location/
Build info: version: &amp;apos;4.26.0&amp;apos;, revision: &amp;apos;8ccf0219d7&amp;apos;
System info: os.name: &amp;apos;Windows 11&amp;apos;, os.arch: &amp;apos;amd64&amp;apos;, os.version: &amp;apos;10.0&amp;apos;, java.version: &amp;apos;21.0.4&amp;apos;
Driver info: driver.version: ChromeDriver">
      <![CDATA[org.openqa.selenium.remote.NoSuchDriverException: Unable to obtain: chromedriver, error chromedriver must exist: \usr\bin\chromedriver
For documentation on this error, please visit: https://www.selenium.dev/documentation/webdriver/troubleshooting/errors/driver_location/
Build info: version: '4.26.0', revision: '8ccf0219d7'
System info: os.name: 'Windows 11', os.arch: 'amd64', os.version: '10.0', java.version: '21.0.4'
Driver info: driver.version: ChromeDriver
at org.openqa.selenium.remote.service.DriverFinder.getBinaryPaths(DriverFinder.java:121)
at org.openqa.selenium.remote.service.DriverFinder.getDriverPath(DriverFinder.java:55)
at org.openqa.selenium.chrome.ChromeDriver.generateExecutor(ChromeDriver.java:99)
at org.openqa.selenium.chrome.ChromeDriver.<init>(ChromeDriver.java:88)
at org.openqa.selenium.chrome.ChromeDriver.<init>(ChromeDriver.java:83)
at org.openqa.selenium.chrome.ChromeDriver.<init>(ChromeDriver.java:72)
at testComponent.baseTest.initializeDriver(baseTest.java:41)
at testComponent.baseTest.launchApplication(baseTest.java:63)
at java.base/java.util.concurrent.Executors$RunnableAdapter.call(Executors.java:572)
at java.base/java.util.concurrent.FutureTask.run(FutureTask.java:317)
at java.base/java.util.concurrent.ThreadPoolExecutor.runWorker(ThreadPoolExecutor.java:1144)
at java.base/java.util.concurrent.ThreadPoolExecutor$Worker.run(ThreadPoolExecutor.java:642)
at java.base/java.lang.Thread.run(Thread.java:1583)
Caused by: java.lang.IllegalStateException: chromedriver must exist: \usr\bin\chromedriver
at org.openqa.selenium.internal.Require$PathStateChecker.isExecutable(Require.java:478)
at org.openqa.selenium.remote.service.DriverFinder.getBinaryPaths(DriverFinder.java:118)
... 27 more
... Removed 15 stack frames]]>
    </failure>
  </testcase> <!-- @BeforeMethod launchApplication -->
  <testcase classname="testComponent.baseTest" name="@AfterMethod closeBrowser" time="1.505">
    <failure type="java.lang.NullPointerException" message="Cannot invoke &amp;quot;org.openqa.selenium.WebDriver.quit()&amp;quot; because &amp;quot;this.driver&amp;quot; is null">
      <![CDATA[java.lang.NullPointerException: Cannot invoke "org.openqa.selenium.WebDriver.quit()" because "this.driver" is null
at testComponent.baseTest.closeBrowser(baseTest.java:75)
at java.base/java.util.concurrent.Executors$RunnableAdapter.call(Executors.java:572)
at java.base/java.util.concurrent.FutureTask.run(FutureTask.java:317)
at java.base/java.util.concurrent.ThreadPoolExecutor.runWorker(ThreadPoolExecutor.java:1144)
at java.base/java.util.concurrent.ThreadPoolExecutor$Worker.run(ThreadPoolExecutor.java:642)
at java.base/java.lang.Thread.run(Thread.java:1583)
... Removed 16 stack frames]]>
    </failure>
  </testcase> <!-- @AfterMethod closeBrowser -->
  <testcase classname="testComponent.baseTest" name="@BeforeMethod launchApplication" time="0.001">
    <failure type="org.openqa.selenium.remote.NoSuchDriverException" message="Unable to obtain: chromedriver, error chromedriver must exist: \usr\bin\chromedriver
For documentation on this error, please visit: https://www.selenium.dev/documentation/webdriver/troubleshooting/errors/driver_location/
Build info: version: &amp;apos;4.26.0&amp;apos;, revision: &amp;apos;8ccf0219d7&amp;apos;
System info: os.name: &amp;apos;Windows 11&amp;apos;, os.arch: &amp;apos;amd64&amp;apos;, os.version: &amp;apos;10.0&amp;apos;, java.version: &amp;apos;21.0.4&amp;apos;
Driver info: driver.version: ChromeDriver">
      <![CDATA[org.openqa.selenium.remote.NoSuchDriverException: Unable to obtain: chromedriver, error chromedriver must exist: \usr\bin\chromedriver
For documentation on this error, please visit: https://www.selenium.dev/documentation/webdriver/troubleshooting/errors/driver_location/
Build info: version: '4.26.0', revision: '8ccf0219d7'
System info: os.name: 'Windows 11', os.arch: 'amd64', os.version: '10.0', java.version: '21.0.4'
Driver info: driver.version: ChromeDriver
at org.openqa.selenium.remote.service.DriverFinder.getBinaryPaths(DriverFinder.java:121)
at org.openqa.selenium.remote.service.DriverFinder.getDriverPath(DriverFinder.java:55)
at org.openqa.selenium.chrome.ChromeDriver.generateExecutor(ChromeDriver.java:99)
at org.openqa.selenium.chrome.ChromeDriver.<init>(ChromeDriver.java:88)
at org.openqa.selenium.chrome.ChromeDriver.<init>(ChromeDriver.java:83)
at org.openqa.selenium.chrome.ChromeDriver.<init>(ChromeDriver.java:72)
at testComponent.baseTest.initializeDriver(baseTest.java:41)
at testComponent.baseTest.launchApplication(baseTest.java:63)
at java.base/java.util.concurrent.Executors$RunnableAdapter.call(Executors.java:572)
at java.base/java.util.concurrent.FutureTask.run(FutureTask.java:317)
at java.base/java.util.concurrent.ThreadPoolExecutor.runWorker(ThreadPoolExecutor.java:1144)
at java.base/java.util.concurrent.ThreadPoolExecutor$Worker.run(ThreadPoolExecutor.java:642)
at java.base/java.lang.Thread.run(Thread.java:1583)
Caused by: java.lang.IllegalStateException: chromedriver must exist: \usr\bin\chromedriver
at org.openqa.selenium.internal.Require$PathStateChecker.isExecutable(Require.java:478)
at org.openqa.selenium.remote.service.DriverFinder.getBinaryPaths(DriverFinder.java:118)
... 27 more
... Removed 15 stack frames]]>
    </failure>
  </testcase> <!-- @BeforeMethod launchApplication -->
  <testcase classname="testComponent.baseTest" name="@AfterMethod closeBrowser" time="1.505">
    <failure type="java.lang.NullPointerException" message="Cannot invoke &amp;quot;org.openqa.selenium.WebDriver.quit()&amp;quot; because &amp;quot;this.driver&amp;quot; is null">
      <![CDATA[java.lang.NullPointerException: Cannot invoke "org.openqa.selenium.WebDriver.quit()" because "this.driver" is null
at testComponent.baseTest.closeBrowser(baseTest.java:75)
at java.base/java.util.concurrent.Executors$RunnableAdapter.call(Executors.java:572)
at java.base/java.util.concurrent.FutureTask.run(FutureTask.java:317)
at java.base/java.util.concurrent.ThreadPoolExecutor.runWorker(ThreadPoolExecutor.java:1144)
at java.base/java.util.concurrent.ThreadPoolExecutor$Worker.run(ThreadPoolExecutor.java:642)
at java.base/java.lang.Thread.run(Thread.java:1583)
... Removed 16 stack frames]]>
    </failure>
  </testcase> <!-- @AfterMethod closeBrowser -->
  <testcase classname="IGP.Sanity.UserJourneyWithExpressDelivery" name="userJourneyAndExpressDelivery" time="0.0">
    <skipped/>
  </testcase> <!-- userJourneyAndExpressDelivery -->
  <testcase classname="IGP.Sanity.AllDeliveryTypesAndSearchWithCheckoutLogin" name="allDeliveryTypesSearchAndCheckoutLogin" time="0.0">
    <skipped/>
  </testcase> <!-- allDeliveryTypesSearchAndCheckoutLogin -->
  <testcase classname="IGP.Sanity.SortAndQuickFilters" name="sortFilterLowToHigh" time="0.0">
    <skipped/>
  </testcase> <!-- sortFilterLowToHigh -->
</testsuite> <!-- Test -->
