<?xml version="1.0" encoding="UTF-8"?>
<testng-results ignored="0" total="3" passed="2" failed="1" skipped="0">
  <reporter-output>
  </reporter-output>
  <suite started-at="2025-09-22T22:29:06 IST" name="IgpQuickSanity" finished-at="2025-09-22T22:31:26 IST" duration-ms="139962">
    <groups>
    </groups>
    <test started-at="2025-09-22T22:29:06 IST" name="Test" finished-at="2025-09-22T22:31:26 IST" duration-ms="139962">
      <class name="IGP.Sanity.AllDeliveryTypesAndSearchWithCheckoutLogin">
        <test-method is-config="true" signature="launchApplication()[pri:0, instance:IGP.Sanity.AllDeliveryTypesAndSearchWithCheckoutLogin@d62fe5b]" started-at="2025-09-22T22:29:44 IST" name="launchApplication" finished-at="2025-09-22T22:29:48 IST" duration-ms="3694" status="PASS">
          <reporter-output>
          </reporter-output>
        </test-method> <!-- launchApplication -->
        <test-method signature="allDeliveryTypesSearchAndCheckoutLogin()[pri:0, instance:IGP.Sanity.AllDeliveryTypesAndSearchWithCheckoutLogin@d62fe5b]" started-at="2025-09-22T22:29:48 IST" name="allDeliveryTypesSearchAndCheckoutLogin" finished-at="2025-09-22T22:30:55 IST" duration-ms="67373" status="PASS">
          <reporter-output>
          </reporter-output>
        </test-method> <!-- allDeliveryTypesSearchAndCheckoutLogin -->
        <test-method is-config="true" signature="closeBrowser()[pri:0, instance:IGP.Sanity.AllDeliveryTypesAndSearchWithCheckoutLogin@d62fe5b]" started-at="2025-09-22T22:30:56 IST" name="closeBrowser" finished-at="2025-09-22T22:30:58 IST" duration-ms="2208" status="PASS">
          <reporter-output>
          </reporter-output>
        </test-method> <!-- closeBrowser -->
      </class> <!-- IGP.Sanity.AllDeliveryTypesAndSearchWithCheckoutLogin -->
      <class name="IGP.Sanity.UserJourneyWithExpressDelivery">
        <test-method is-config="true" signature="launchApplication()[pri:0, instance:IGP.Sanity.UserJourneyWithExpressDelivery@56928307]" started-at="2025-09-22T22:29:06 IST" name="launchApplication" finished-at="2025-09-22T22:29:14 IST" duration-ms="7675" status="PASS">
          <reporter-output>
          </reporter-output>
        </test-method> <!-- launchApplication -->
        <test-method signature="userJourneyAndExpressDelivery()[pri:0, instance:IGP.Sanity.UserJourneyWithExpressDelivery@56928307]" started-at="2025-09-22T22:29:14 IST" name="userJourneyAndExpressDelivery" finished-at="2025-09-22T22:29:42 IST" duration-ms="27971" status="FAIL">
          <exception class="org.openqa.selenium.ElementClickInterceptedException">
            <message>
              <![CDATA[element click intercepted: Element is not clickable at point (976, 1121)
  (Session info: chrome=140.0.7339.128)
Build info: version: '4.26.0', revision: '8ccf0219d7'
System info: os.name: 'Windows 11', os.arch: 'amd64', os.version: '10.0', java.version: '21.0.3'
Driver info: org.openqa.selenium.chrome.ChromeDriver
Command: [f67f9a2edfc78ed770958b7b65e89c17, clickElement {id=f.F09C7224FBD91205D611B3845BC65A47.d.52C1E53640DE9B9D7FFFC51F4A9F4FB6.e.26670}]
Capabilities {acceptInsecureCerts: false, browserName: chrome, browserVersion: 140.0.7339.128, chrome: {chromedriverVersion: 140.0.7339.185 (eeea00e459e..., userDataDir: C:\Users\Omkar\AppData\Loca...}, fedcm:accounts: true, goog:chromeOptions: {debuggerAddress: localhost:59768}, networkConnectionEnabled: false, pageLoadStrategy: normal, platformName: windows, proxy: Proxy(), se:cdp: ws://localhost:59768/devtoo..., se:cdpVersion: 140.0.7339.128, setWindowRect: true, strictFileInteractability: false, timeouts: {implicit: 0, pageLoad: 300000, script: 30000}, unhandledPromptBehavior: dismiss and notify, webauthn:extension:credBlob: true, webauthn:extension:largeBlob: true, webauthn:extension:minPinLength: true, webauthn:extension:prf: true, webauthn:virtualAuthenticators: true}
Element: [[ChromeDriver: chrome on windows (f67f9a2edfc78ed770958b7b65e89c17)] -> xpath: //div[@class='empty-title']//img[@id='drpdown-down-arrow']]
Session ID: f67f9a2edfc78ed770958b7b65e89c17]]>
            </message>
            <full-stacktrace>
              <![CDATA[org.openqa.selenium.ElementClickInterceptedException: element click intercepted: Element is not clickable at point (976, 1121)
  (Session info: chrome=140.0.7339.128)
Build info: version: '4.26.0', revision: '8ccf0219d7'
System info: os.name: 'Windows 11', os.arch: 'amd64', os.version: '10.0', java.version: '21.0.3'
Driver info: org.openqa.selenium.chrome.ChromeDriver
Command: [f67f9a2edfc78ed770958b7b65e89c17, clickElement {id=f.F09C7224FBD91205D611B3845BC65A47.d.52C1E53640DE9B9D7FFFC51F4A9F4FB6.e.26670}]
Capabilities {acceptInsecureCerts: false, browserName: chrome, browserVersion: 140.0.7339.128, chrome: {chromedriverVersion: 140.0.7339.185 (eeea00e459e..., userDataDir: C:\Users\Omkar\AppData\Loca...}, fedcm:accounts: true, goog:chromeOptions: {debuggerAddress: localhost:59768}, networkConnectionEnabled: false, pageLoadStrategy: normal, platformName: windows, proxy: Proxy(), se:cdp: ws://localhost:59768/devtoo..., se:cdpVersion: 140.0.7339.128, setWindowRect: true, strictFileInteractability: false, timeouts: {implicit: 0, pageLoad: 300000, script: 30000}, unhandledPromptBehavior: dismiss and notify, webauthn:extension:credBlob: true, webauthn:extension:largeBlob: true, webauthn:extension:minPinLength: true, webauthn:extension:prf: true, webauthn:virtualAuthenticators: true}
Element: [[ChromeDriver: chrome on windows (f67f9a2edfc78ed770958b7b65e89c17)] -> xpath: //div[@class='empty-title']//img[@id='drpdown-down-arrow']]
Session ID: f67f9a2edfc78ed770958b7b65e89c17
at java.base/jdk.internal.reflect.DirectConstructorHandleAccessor.newInstance(DirectConstructorHandleAccessor.java:62)
at java.base/java.lang.reflect.Constructor.newInstanceWithCaller(Constructor.java:502)
at java.base/java.lang.reflect.Constructor.newInstance(Constructor.java:486)
at org.openqa.selenium.remote.ErrorCodec.decode(ErrorCodec.java:167)
at org.openqa.selenium.remote.codec.w3c.W3CHttpResponseCodec.decode(W3CHttpResponseCodec.java:138)
at org.openqa.selenium.remote.codec.w3c.W3CHttpResponseCodec.decode(W3CHttpResponseCodec.java:50)
at org.openqa.selenium.remote.HttpCommandExecutor.execute(HttpCommandExecutor.java:190)
at org.openqa.selenium.remote.service.DriverCommandExecutor.invokeExecute(DriverCommandExecutor.java:216)
at org.openqa.selenium.remote.service.DriverCommandExecutor.execute(DriverCommandExecutor.java:174)
at org.openqa.selenium.remote.RemoteWebDriver.execute(RemoteWebDriver.java:545)
at org.openqa.selenium.remote.RemoteWebElement.execute(RemoteWebElement.java:223)
at org.openqa.selenium.remote.RemoteWebElement.click(RemoteWebElement.java:76)
at java.base/jdk.internal.reflect.DirectMethodHandleAccessor.invoke(DirectMethodHandleAccessor.java:103)
at java.base/java.lang.reflect.Method.invoke(Method.java:580)
at org.openqa.selenium.support.pagefactory.internal.LocatingElementHandler.invoke(LocatingElementHandler.java:51)
at jdk.proxy2/jdk.proxy2.$Proxy15.click(Unknown Source)
at pageObject.PDPPage.openTimeSlotsDD(PDPPage.java:134)
at IGP.Sanity.UserJourneyWithExpressDelivery.userJourneyAndExpressDelivery(UserJourneyWithExpressDelivery.java:75)
at java.base/jdk.internal.reflect.DirectMethodHandleAccessor.invoke(DirectMethodHandleAccessor.java:103)
at java.base/java.lang.reflect.Method.invoke(Method.java:580)
at org.testng.internal.MethodInvocationHelper.invokeMethod(MethodInvocationHelper.java:133)
at org.testng.internal.TestInvoker.invokeMethod(TestInvoker.java:598)
at org.testng.internal.TestInvoker.invokeTestMethod(TestInvoker.java:173)
at org.testng.internal.MethodRunner.runInSequence(MethodRunner.java:46)
at org.testng.internal.TestInvoker$MethodInvocationAgent.invoke(TestInvoker.java:824)
at org.testng.internal.TestInvoker.invokeTestMethods(TestInvoker.java:146)
at org.testng.internal.TestMethodWorker.invokeTestMethods(TestMethodWorker.java:146)
at org.testng.internal.TestMethodWorker.run(TestMethodWorker.java:128)
at java.base/java.util.concurrent.ThreadPoolExecutor.runWorker(ThreadPoolExecutor.java:1144)
at java.base/java.util.concurrent.ThreadPoolExecutor$Worker.run(ThreadPoolExecutor.java:642)
at java.base/java.lang.Thread.run(Thread.java:1583)
]]>
            </full-stacktrace>
          </exception> <!-- org.openqa.selenium.ElementClickInterceptedException -->
          <reporter-output>
          </reporter-output>
        </test-method> <!-- userJourneyAndExpressDelivery -->
        <test-method is-config="true" signature="closeBrowser()[pri:0, instance:IGP.Sanity.UserJourneyWithExpressDelivery@56928307]" started-at="2025-09-22T22:29:42 IST" name="closeBrowser" finished-at="2025-09-22T22:29:44 IST" duration-ms="2020" status="PASS">
          <reporter-output>
          </reporter-output>
        </test-method> <!-- closeBrowser -->
      </class> <!-- IGP.Sanity.UserJourneyWithExpressDelivery -->
      <class name="IGP.Sanity.SortAndQuickFilters">
        <test-method is-config="true" signature="launchApplication()[pri:0, instance:IGP.Sanity.SortAndQuickFilters@49964d75]" started-at="2025-09-22T22:30:58 IST" name="launchApplication" finished-at="2025-09-22T22:31:03 IST" duration-ms="4999" status="PASS">
          <reporter-output>
          </reporter-output>
        </test-method> <!-- launchApplication -->
        <test-method signature="sortFilterLowToHigh()[pri:0, instance:IGP.Sanity.SortAndQuickFilters@49964d75]" started-at="2025-09-22T22:31:03 IST" name="sortFilterLowToHigh" finished-at="2025-09-22T22:31:24 IST" duration-ms="20985" status="PASS">
          <reporter-output>
          </reporter-output>
        </test-method> <!-- sortFilterLowToHigh -->
        <test-method is-config="true" signature="closeBrowser()[pri:0, instance:IGP.Sanity.SortAndQuickFilters@49964d75]" started-at="2025-09-22T22:31:24 IST" name="closeBrowser" finished-at="2025-09-22T22:31:26 IST" duration-ms="1833" status="PASS">
          <reporter-output>
          </reporter-output>
        </test-method> <!-- closeBrowser -->
      </class> <!-- IGP.Sanity.SortAndQuickFilters -->
    </test> <!-- Test -->
  </suite> <!-- IgpQuickSanity -->
</testng-results>
